<?xml version="1.0" encoding="UTF-8"?>
<testng-results ignored="0" total="3" passed="3" failed="0" skipped="0">
  <reporter-output>
  </reporter-output>
  <suite started-at="2024-01-23T16:39:43 IST" name="Default suite" finished-at="2024-01-23T16:40:25 IST" duration-ms="41341">
    <groups>
    </groups>
    <test started-at="2024-01-23T16:39:43 IST" name="Default test" finished-at="2024-01-23T16:40:25 IST" duration-ms="41341">
      <class name="packTests.TestInteractions">
        <test-method is-config="true" signature="setUp()[pri:0, instance:packTests.TestInteractions@52719fb6]" started-at="2024-01-23T16:39:43 IST" name="setUp" finished-at="2024-01-23T16:39:49 IST" duration-ms="5693" status="PASS">
          <reporter-output>
          </reporter-output>
        </test-method> <!-- setUp -->
        <test-method signature="checkSortable()[pri:0, instance:packTests.TestInteractions@52719fb6]" started-at="2024-01-23T16:39:49 IST" name="checkSortable" finished-at="2024-01-23T16:39:53 IST" duration-ms="3353" status="PASS">
          <reporter-output>
          </reporter-output>
        </test-method> <!-- checkSortable -->
        <test-method signature="checkSelectable()[pri:1, instance:packTests.TestInteractions@52719fb6]" started-at="2024-01-23T16:39:53 IST" name="checkSelectable" finished-at="2024-01-23T16:39:53 IST" duration-ms="321" status="PASS">
          <reporter-output>
          </reporter-output>
        </test-method> <!-- checkSelectable -->
        <test-method signature="checkDroppable()[pri:2, instance:packTests.TestInteractions@52719fb6]" started-at="2024-01-23T16:39:53 IST" name="checkDroppable" finished-at="2024-01-23T16:40:25 IST" duration-ms="31909" status="PASS">
          <reporter-output>
          </reporter-output>
        </test-method> <!-- checkDroppable -->
      </class> <!-- packTests.TestInteractions -->
    </test> <!-- Default test -->
  </suite> <!-- Default suite -->
</testng-results>
